<?xml version="1.0" encoding="UTF-8"?>
<testng-results skipped="0" failed="2" ignored="0" total="4" passed="2">
  <reporter-output>
  </reporter-output>
  <suite name="Suite" duration-ms="171251" started-at="2020-10-07T02:22:44 IST" finished-at="2020-10-07T02:25:35 IST">
    <groups>
    </groups>
    <test name="ChromeTests" duration-ms="171251" started-at="2020-10-07T02:22:44 IST" finished-at="2020-10-07T02:25:35 IST">
      <class name="com.project.testcases.AccountCreateTestCase">
        <test-method status="PASS" signature="chrome_extension(java.lang.String)[pri:0, instance:com.project.testcases.AccountCreateTestCase@6acdbdf5]" name="chrome_extension" is-config="true" duration-ms="39548" started-at="2020-10-07T02:22:45 IST" finished-at="2020-10-07T02:23:25 IST">
          <params>
            <param index="0">
              <value>
                <![CDATA[chrome]]>
              </value>
            </param>
          </params>
          <reporter-output>
          </reporter-output>
        </test-method> <!-- chrome_extension -->
        <test-method status="PASS" signature="init()[pri:0, instance:com.project.testcases.AccountCreateTestCase@6acdbdf5]" name="init" is-config="true" duration-ms="3906" started-at="2020-10-07T02:23:25 IST" finished-at="2020-10-07T02:23:29 IST">
          <reporter-output>
          </reporter-output>
        </test-method> <!-- init -->
        <test-method status="PASS" signature="ErrorCreateAccount_Country(java.util.Hashtable)[pri:0, instance:com.project.testcases.AccountCreateTestCase@6acdbdf5]" name="ErrorCreateAccount_Country" duration-ms="10538" started-at="2020-10-07T02:23:29 IST" data-provider="errorinData" finished-at="2020-10-07T02:23:39 IST">
          <params>
            <param index="0">
              <value>
                <![CDATA[{Day=6, Password=praya123, Zip=45678, Month=6, Country=, Title=Mrs., AddInfo=, HomePhone=454543, MobilePhone=, State=California, NewsletterSignup=Y, LastName=gupta, FirstName=pragya, Year=1990, Company=infosys, Address2=sector 23, Address1=dlf, Alias=home, Email=pragya2@mailinator.com, City=kanpur, SpecialOffer=N}]]>
              </value>
            </param>
          </params>
          <reporter-output>
          </reporter-output>
        </test-method> <!-- ErrorCreateAccount_Country -->
        <test-method status="PASS" signature="quit(org.testng.ITestResult)[pri:0, instance:com.project.testcases.AccountCreateTestCase@6acdbdf5]" name="quit" is-config="true" duration-ms="743" started-at="2020-10-07T02:23:39 IST" finished-at="2020-10-07T02:23:40 IST">
          <params>
            <param index="0">
              <value>
                <![CDATA[[TestResult name=ErrorCreateAccount_Country status=SUCCESS method=AccountCreateTestCase.ErrorCreateAccount_Country(java.util.Hashtable)[pri:0, instance:com.project.testcases.AccountCreateTestCase@6acdbdf5] output={null}]]]>
              </value>
            </param>
          </params>
          <reporter-output>
          </reporter-output>
        </test-method> <!-- quit -->
        <test-method status="PASS" signature="chrome_extension(java.lang.String)[pri:0, instance:com.project.testcases.AccountCreateTestCase@6acdbdf5]" name="chrome_extension" is-config="true" duration-ms="35001" started-at="2020-10-07T02:23:40 IST" finished-at="2020-10-07T02:24:15 IST">
          <params>
            <param index="0">
              <value>
                <![CDATA[chrome]]>
              </value>
            </param>
          </params>
          <reporter-output>
          </reporter-output>
        </test-method> <!-- chrome_extension -->
        <test-method status="PASS" signature="init()[pri:0, instance:com.project.testcases.AccountCreateTestCase@6acdbdf5]" name="init" is-config="true" duration-ms="3369" started-at="2020-10-07T02:24:15 IST" finished-at="2020-10-07T02:24:19 IST">
          <reporter-output>
          </reporter-output>
        </test-method> <!-- init -->
        <test-method status="PASS" signature="ErrorCreateAccount_Country(java.util.Hashtable)[pri:0, instance:com.project.testcases.AccountCreateTestCase@6acdbdf5]" name="ErrorCreateAccount_Country" duration-ms="10393" started-at="2020-10-07T02:24:19 IST" data-provider="errorinData" finished-at="2020-10-07T02:24:29 IST">
          <params>
            <param index="0">
              <value>
                <![CDATA[{Day=6, Password=manav123, Zip=45, Month=6, Country=United States, Title=Mr., AddInfo=Add it as home address, HomePhone=454543, MobilePhone=, State=California, NewsletterSignup=Y, LastName=sharma, FirstName=manav, Year=1990, Company=infosys, Address2=sector 23, Address1=dlf, Alias=home, Email=manav@mailinator.com, City=kanpur, SpecialOffer=N}]]>
              </value>
            </param>
          </params>
          <reporter-output>
          </reporter-output>
        </test-method> <!-- ErrorCreateAccount_Country -->
        <test-method status="PASS" signature="quit(org.testng.ITestResult)[pri:0, instance:com.project.testcases.AccountCreateTestCase@6acdbdf5]" name="quit" is-config="true" duration-ms="848" started-at="2020-10-07T02:24:29 IST" finished-at="2020-10-07T02:24:30 IST">
          <params>
            <param index="0">
              <value>
                <![CDATA[[TestResult name=ErrorCreateAccount_Country status=SUCCESS method=AccountCreateTestCase.ErrorCreateAccount_Country(java.util.Hashtable)[pri:0, instance:com.project.testcases.AccountCreateTestCase@6acdbdf5] output={null}]]]>
              </value>
            </param>
          </params>
          <reporter-output>
          </reporter-output>
        </test-method> <!-- quit -->
        <test-method status="PASS" signature="chrome_extension(java.lang.String)[pri:0, instance:com.project.testcases.AccountCreateTestCase@6acdbdf5]" name="chrome_extension" is-config="true" duration-ms="13955" started-at="2020-10-07T02:24:30 IST" finished-at="2020-10-07T02:24:44 IST">
          <params>
            <param index="0">
              <value>
                <![CDATA[chrome]]>
              </value>
            </param>
          </params>
          <reporter-output>
          </reporter-output>
        </test-method> <!-- chrome_extension -->
        <test-method status="PASS" signature="init()[pri:0, instance:com.project.testcases.AccountCreateTestCase@6acdbdf5]" name="init" is-config="true" duration-ms="3615" started-at="2020-10-07T02:24:44 IST" finished-at="2020-10-07T02:24:47 IST">
          <reporter-output>
          </reporter-output>
        </test-method> <!-- init -->
        <test-method status="FAIL" signature="SuccessCreateAccount(java.util.Hashtable)[pri:0, instance:com.project.testcases.AccountCreateTestCase@6acdbdf5]" name="SuccessCreateAccount" duration-ms="2310" started-at="2020-10-07T02:24:47 IST" data-provider="getFormData" finished-at="2020-10-07T02:24:50 IST">
          <params>
            <param index="0">
              <value>
                <![CDATA[{Day=6, Password=abhi123, Zip=45678, Month=6, Country=United States, Title=Mr., AddInfo=, HomePhone=999343, MobilePhone=, State=California, NewsletterSignup=Y, LastName=gupta, FirstName=abhishek, Year=1990, Company=infosys, Address2=sector 23, Address1=dlf, Alias=home, Email=abhi3@mailinator.com, City=kanpur, SpecialOffer=N}]]>
              </value>
            </param>
          </params>
          <exception class="org.openqa.selenium.NoSuchElementException">
            <message>
              <![CDATA[no such element: Unable to locate element: {"method":"css selector","selector":"#customer_firstname"}
  (Session info: chrome=85.0.4183.121)
For documentation on this error, please visit: https://www.seleniumhq.org/exceptions/no_such_element.html
Build info: version: '3.141.59', revision: 'e82be7d358', time: '2018-11-14T08:17:03'
System info: host: 'II02-F3LXQF2', ip: '192.168.1.2', os.name: 'Windows 7', os.arch: 'amd64', os.version: '6.1', java.version: '1.8.0_221'
Driver info: org.openqa.selenium.chrome.ChromeDriver
Capabilities {acceptInsecureCerts: false, browserName: chrome, browserVersion: 85.0.4183.121, chrome: {chromedriverVersion: 85.0.4183.87 (cd6713ebf92fa..., userDataDir: C:\Users\PREETI~1\AppData\L...}, goog:chromeOptions: {debuggerAddress: localhost:52520}, javascriptEnabled: true, networkConnectionEnabled: false, pageLoadStrategy: normal, platform: WINDOWS, platformName: WINDOWS, proxy: Proxy(), setWindowRect: true, strictFileInteractability: false, timeouts: {implicit: 0, pageLoad: 300000, script: 30000}, unhandledPromptBehavior: dismiss and notify, webauthn:virtualAuthenticators: true}
Session ID: 0fe484eb98ca43cae6b968aec805da66
*** Element info: {Using=id, value=customer_firstname}]]>
            </message>
            <full-stacktrace>
              <![CDATA[org.openqa.selenium.NoSuchElementException: no such element: Unable to locate element: {"method":"css selector","selector":"#customer_firstname"}
  (Session info: chrome=85.0.4183.121)
For documentation on this error, please visit: https://www.seleniumhq.org/exceptions/no_such_element.html
Build info: version: '3.141.59', revision: 'e82be7d358', time: '2018-11-14T08:17:03'
System info: host: 'II02-F3LXQF2', ip: '192.168.1.2', os.name: 'Windows 7', os.arch: 'amd64', os.version: '6.1', java.version: '1.8.0_221'
Driver info: org.openqa.selenium.chrome.ChromeDriver
Capabilities {acceptInsecureCerts: false, browserName: chrome, browserVersion: 85.0.4183.121, chrome: {chromedriverVersion: 85.0.4183.87 (cd6713ebf92fa..., userDataDir: C:\Users\PREETI~1\AppData\L...}, goog:chromeOptions: {debuggerAddress: localhost:52520}, javascriptEnabled: true, networkConnectionEnabled: false, pageLoadStrategy: normal, platform: WINDOWS, platformName: WINDOWS, proxy: Proxy(), setWindowRect: true, strictFileInteractability: false, timeouts: {implicit: 0, pageLoad: 300000, script: 30000}, unhandledPromptBehavior: dismiss and notify, webauthn:virtualAuthenticators: true}
Session ID: 0fe484eb98ca43cae6b968aec805da66
*** Element info: {Using=id, value=customer_firstname}
at sun.reflect.NativeConstructorAccessorImpl.newInstance0(Native Method)
at sun.reflect.NativeConstructorAccessorImpl.newInstance(NativeConstructorAccessorImpl.java:62)
at sun.reflect.DelegatingConstructorAccessorImpl.newInstance(DelegatingConstructorAccessorImpl.java:45)
at java.lang.reflect.Constructor.newInstance(Constructor.java:423)
at org.openqa.selenium.remote.http.W3CHttpResponseCodec.createException(W3CHttpResponseCodec.java:187)
at org.openqa.selenium.remote.http.W3CHttpResponseCodec.decode(W3CHttpResponseCodec.java:122)
at org.openqa.selenium.remote.http.W3CHttpResponseCodec.decode(W3CHttpResponseCodec.java:49)
at org.openqa.selenium.remote.HttpCommandExecutor.execute(HttpCommandExecutor.java:158)
at org.openqa.selenium.remote.service.DriverCommandExecutor.execute(DriverCommandExecutor.java:83)
at org.openqa.selenium.remote.RemoteWebDriver.execute(RemoteWebDriver.java:552)
at org.openqa.selenium.remote.RemoteWebDriver.findElement(RemoteWebDriver.java:323)
at org.openqa.selenium.remote.RemoteWebDriver.findElementById(RemoteWebDriver.java:372)
at org.openqa.selenium.By$ById.findElement(By.java:188)
at org.openqa.selenium.remote.RemoteWebDriver.findElement(RemoteWebDriver.java:315)
at org.openqa.selenium.support.pagefactory.DefaultElementLocator.findElement(DefaultElementLocator.java:69)
at org.openqa.selenium.support.pagefactory.internal.LocatingElementHandler.invoke(LocatingElementHandler.java:38)
at com.sun.proxy.$Proxy11.clear(Unknown Source)
at com.project.pages.CreateAccount.enterFirstName(CreateAccount.java:116)
at com.project.pages.CreateAccount.enterPersonalInfo(CreateAccount.java:219)
at com.project.testcases.AccountCreateTestCase.SuccessCreateAccount(AccountCreateTestCase.java:38)
at sun.reflect.NativeMethodAccessorImpl.invoke0(Native Method)
at sun.reflect.NativeMethodAccessorImpl.invoke(NativeMethodAccessorImpl.java:62)
at sun.reflect.DelegatingMethodAccessorImpl.invoke(DelegatingMethodAccessorImpl.java:43)
at java.lang.reflect.Method.invoke(Method.java:498)
at org.testng.internal.MethodInvocationHelper.invokeMethod(MethodInvocationHelper.java:132)
at org.testng.internal.TestInvoker.invokeMethod(TestInvoker.java:599)
at org.testng.internal.TestInvoker.invokeTestMethod(TestInvoker.java:174)
at org.testng.internal.MethodRunner.runInSequence(MethodRunner.java:46)
at org.testng.internal.TestInvoker$MethodInvocationAgent.invoke(TestInvoker.java:822)
at org.testng.internal.TestInvoker.invokeTestMethods(TestInvoker.java:147)
at org.testng.internal.TestMethodWorker.invokeTestMethods(TestMethodWorker.java:146)
at org.testng.internal.TestMethodWorker.run(TestMethodWorker.java:128)
at java.util.ArrayList.forEach(ArrayList.java:1257)
at org.testng.TestRunner.privateRun(TestRunner.java:764)
at org.testng.TestRunner.run(TestRunner.java:585)
at org.testng.SuiteRunner.runTest(SuiteRunner.java:384)
at org.testng.SuiteRunner.runSequentially(SuiteRunner.java:378)
at org.testng.SuiteRunner.privateRun(SuiteRunner.java:337)
at org.testng.SuiteRunner.run(SuiteRunner.java:286)
at org.testng.SuiteRunnerWorker.runSuite(SuiteRunnerWorker.java:53)
at org.testng.SuiteRunnerWorker.run(SuiteRunnerWorker.java:96)
at org.testng.TestNG.runSuitesSequentially(TestNG.java:1218)
at org.testng.TestNG.runSuitesLocally(TestNG.java:1140)
at org.testng.TestNG.runSuites(TestNG.java:1069)
at org.testng.TestNG.run(TestNG.java:1037)
at org.testng.remote.AbstractRemoteTestNG.run(AbstractRemoteTestNG.java:115)
at org.testng.remote.RemoteTestNG.initAndRun(RemoteTestNG.java:251)
at org.testng.remote.RemoteTestNG.main(RemoteTestNG.java:77)
]]>
            </full-stacktrace>
          </exception> <!-- org.openqa.selenium.NoSuchElementException -->
          <reporter-output>
          </reporter-output>
        </test-method> <!-- SuccessCreateAccount -->
        <test-method status="PASS" signature="quit(org.testng.ITestResult)[pri:0, instance:com.project.testcases.AccountCreateTestCase@6acdbdf5]" name="quit" is-config="true" duration-ms="1238" started-at="2020-10-07T02:24:50 IST" finished-at="2020-10-07T02:24:51 IST">
          <params>
            <param index="0">
              <value>
                <![CDATA[[TestResult name=SuccessCreateAccount status=FAILURE method=AccountCreateTestCase.SuccessCreateAccount(java.util.Hashtable)[pri:0, instance:com.project.testcases.AccountCreateTestCase@6acdbdf5] output={null}]]]>
              </value>
            </param>
          </params>
          <reporter-output>
          </reporter-output>
        </test-method> <!-- quit -->
        <test-method status="PASS" signature="chrome_extension(java.lang.String)[pri:0, instance:com.project.testcases.AccountCreateTestCase@6acdbdf5]" name="chrome_extension" is-config="true" duration-ms="36543" started-at="2020-10-07T02:24:51 IST" finished-at="2020-10-07T02:25:28 IST">
          <params>
            <param index="0">
              <value>
                <![CDATA[chrome]]>
              </value>
            </param>
          </params>
          <reporter-output>
          </reporter-output>
        </test-method> <!-- chrome_extension -->
        <test-method status="PASS" signature="init()[pri:0, instance:com.project.testcases.AccountCreateTestCase@6acdbdf5]" name="init" is-config="true" duration-ms="4411" started-at="2020-10-07T02:25:28 IST" finished-at="2020-10-07T02:25:32 IST">
          <reporter-output>
          </reporter-output>
        </test-method> <!-- init -->
        <test-method status="FAIL" signature="SuccessCreateAccount(java.util.Hashtable)[pri:0, instance:com.project.testcases.AccountCreateTestCase@6acdbdf5]" name="SuccessCreateAccount" duration-ms="2345" started-at="2020-10-07T02:25:32 IST" data-provider="getFormData" finished-at="2020-10-07T02:25:34 IST">
          <params>
            <param index="0">
              <value>
                <![CDATA[{Day=12, Password=priya123, Zip=96443, Month=3, Country=United States, Title=Mrs., AddInfo=, HomePhone=, MobilePhone=546553, State=Oregon, NewsletterSignup=N, LastName=sharma, FirstName=priya, Year=1995, Company=ITC, Address2=sector 21, Address1=m3m, Alias=office, Email=preeti1@mailinator.com, City=gurgaon, SpecialOffer=Y}]]>
              </value>
            </param>
          </params>
          <exception class="org.openqa.selenium.NoSuchElementException">
            <message>
              <![CDATA[no such element: Unable to locate element: {"method":"css selector","selector":"#customer_firstname"}
  (Session info: chrome=85.0.4183.121)
For documentation on this error, please visit: https://www.seleniumhq.org/exceptions/no_such_element.html
Build info: version: '3.141.59', revision: 'e82be7d358', time: '2018-11-14T08:17:03'
System info: host: 'II02-F3LXQF2', ip: '192.168.1.2', os.name: 'Windows 7', os.arch: 'amd64', os.version: '6.1', java.version: '1.8.0_221'
Driver info: org.openqa.selenium.chrome.ChromeDriver
Capabilities {acceptInsecureCerts: false, browserName: chrome, browserVersion: 85.0.4183.121, chrome: {chromedriverVersion: 85.0.4183.87 (cd6713ebf92fa..., userDataDir: C:\Users\PREETI~1\AppData\L...}, goog:chromeOptions: {debuggerAddress: localhost:52566}, javascriptEnabled: true, networkConnectionEnabled: false, pageLoadStrategy: normal, platform: WINDOWS, platformName: WINDOWS, proxy: Proxy(), setWindowRect: true, strictFileInteractability: false, timeouts: {implicit: 0, pageLoad: 300000, script: 30000}, unhandledPromptBehavior: dismiss and notify, webauthn:virtualAuthenticators: true}
Session ID: 6627635ddcdface14901c50d76dd8fbb
*** Element info: {Using=id, value=customer_firstname}]]>
            </message>
            <full-stacktrace>
              <![CDATA[org.openqa.selenium.NoSuchElementException: no such element: Unable to locate element: {"method":"css selector","selector":"#customer_firstname"}
  (Session info: chrome=85.0.4183.121)
For documentation on this error, please visit: https://www.seleniumhq.org/exceptions/no_such_element.html
Build info: version: '3.141.59', revision: 'e82be7d358', time: '2018-11-14T08:17:03'
System info: host: 'II02-F3LXQF2', ip: '192.168.1.2', os.name: 'Windows 7', os.arch: 'amd64', os.version: '6.1', java.version: '1.8.0_221'
Driver info: org.openqa.selenium.chrome.ChromeDriver
Capabilities {acceptInsecureCerts: false, browserName: chrome, browserVersion: 85.0.4183.121, chrome: {chromedriverVersion: 85.0.4183.87 (cd6713ebf92fa..., userDataDir: C:\Users\PREETI~1\AppData\L...}, goog:chromeOptions: {debuggerAddress: localhost:52566}, javascriptEnabled: true, networkConnectionEnabled: false, pageLoadStrategy: normal, platform: WINDOWS, platformName: WINDOWS, proxy: Proxy(), setWindowRect: true, strictFileInteractability: false, timeouts: {implicit: 0, pageLoad: 300000, script: 30000}, unhandledPromptBehavior: dismiss and notify, webauthn:virtualAuthenticators: true}
Session ID: 6627635ddcdface14901c50d76dd8fbb
*** Element info: {Using=id, value=customer_firstname}
at sun.reflect.NativeConstructorAccessorImpl.newInstance0(Native Method)
at sun.reflect.NativeConstructorAccessorImpl.newInstance(NativeConstructorAccessorImpl.java:62)
at sun.reflect.DelegatingConstructorAccessorImpl.newInstance(DelegatingConstructorAccessorImpl.java:45)
at java.lang.reflect.Constructor.newInstance(Constructor.java:423)
at org.openqa.selenium.remote.http.W3CHttpResponseCodec.createException(W3CHttpResponseCodec.java:187)
at org.openqa.selenium.remote.http.W3CHttpResponseCodec.decode(W3CHttpResponseCodec.java:122)
at org.openqa.selenium.remote.http.W3CHttpResponseCodec.decode(W3CHttpResponseCodec.java:49)
at org.openqa.selenium.remote.HttpCommandExecutor.execute(HttpCommandExecutor.java:158)
at org.openqa.selenium.remote.service.DriverCommandExecutor.execute(DriverCommandExecutor.java:83)
at org.openqa.selenium.remote.RemoteWebDriver.execute(RemoteWebDriver.java:552)
at org.openqa.selenium.remote.RemoteWebDriver.findElement(RemoteWebDriver.java:323)
at org.openqa.selenium.remote.RemoteWebDriver.findElementById(RemoteWebDriver.java:372)
at org.openqa.selenium.By$ById.findElement(By.java:188)
at org.openqa.selenium.remote.RemoteWebDriver.findElement(RemoteWebDriver.java:315)
at org.openqa.selenium.support.pagefactory.DefaultElementLocator.findElement(DefaultElementLocator.java:69)
at org.openqa.selenium.support.pagefactory.internal.LocatingElementHandler.invoke(LocatingElementHandler.java:38)
at com.sun.proxy.$Proxy11.clear(Unknown Source)
at com.project.pages.CreateAccount.enterFirstName(CreateAccount.java:116)
at com.project.pages.CreateAccount.enterPersonalInfo(CreateAccount.java:219)
at com.project.testcases.AccountCreateTestCase.SuccessCreateAccount(AccountCreateTestCase.java:38)
at sun.reflect.NativeMethodAccessorImpl.invoke0(Native Method)
at sun.reflect.NativeMethodAccessorImpl.invoke(NativeMethodAccessorImpl.java:62)
at sun.reflect.DelegatingMethodAccessorImpl.invoke(DelegatingMethodAccessorImpl.java:43)
at java.lang.reflect.Method.invoke(Method.java:498)
at org.testng.internal.MethodInvocationHelper.invokeMethod(MethodInvocationHelper.java:132)
at org.testng.internal.TestInvoker.invokeMethod(TestInvoker.java:599)
at org.testng.internal.TestInvoker.invokeTestMethod(TestInvoker.java:174)
at org.testng.internal.MethodRunner.runInSequence(MethodRunner.java:46)
at org.testng.internal.TestInvoker$MethodInvocationAgent.invoke(TestInvoker.java:822)
at org.testng.internal.TestInvoker.invokeTestMethods(TestInvoker.java:147)
at org.testng.internal.TestMethodWorker.invokeTestMethods(TestMethodWorker.java:146)
at org.testng.internal.TestMethodWorker.run(TestMethodWorker.java:128)
at java.util.ArrayList.forEach(ArrayList.java:1257)
at org.testng.TestRunner.privateRun(TestRunner.java:764)
at org.testng.TestRunner.run(TestRunner.java:585)
at org.testng.SuiteRunner.runTest(SuiteRunner.java:384)
at org.testng.SuiteRunner.runSequentially(SuiteRunner.java:378)
at org.testng.SuiteRunner.privateRun(SuiteRunner.java:337)
at org.testng.SuiteRunner.run(SuiteRunner.java:286)
at org.testng.SuiteRunnerWorker.runSuite(SuiteRunnerWorker.java:53)
at org.testng.SuiteRunnerWorker.run(SuiteRunnerWorker.java:96)
at org.testng.TestNG.runSuitesSequentially(TestNG.java:1218)
at org.testng.TestNG.runSuitesLocally(TestNG.java:1140)
at org.testng.TestNG.runSuites(TestNG.java:1069)
at org.testng.TestNG.run(TestNG.java:1037)
at org.testng.remote.AbstractRemoteTestNG.run(AbstractRemoteTestNG.java:115)
at org.testng.remote.RemoteTestNG.initAndRun(RemoteTestNG.java:251)
at org.testng.remote.RemoteTestNG.main(RemoteTestNG.java:77)
]]>
            </full-stacktrace>
          </exception> <!-- org.openqa.selenium.NoSuchElementException -->
          <reporter-output>
          </reporter-output>
        </test-method> <!-- SuccessCreateAccount -->
        <test-method status="PASS" signature="quit(org.testng.ITestResult)[pri:0, instance:com.project.testcases.AccountCreateTestCase@6acdbdf5]" name="quit" is-config="true" duration-ms="1215" started-at="2020-10-07T02:25:34 IST" finished-at="2020-10-07T02:25:35 IST">
          <params>
            <param index="0">
              <value>
                <![CDATA[[TestResult name=SuccessCreateAccount status=FAILURE method=AccountCreateTestCase.SuccessCreateAccount(java.util.Hashtable)[pri:0, instance:com.project.testcases.AccountCreateTestCase@6acdbdf5] output={null}]]]>
              </value>
            </param>
          </params>
          <reporter-output>
          </reporter-output>
        </test-method> <!-- quit -->
      </class> <!-- com.project.testcases.AccountCreateTestCase -->
    </test> <!-- ChromeTests -->
  </suite> <!-- Suite -->
</testng-results>
